<?xml version="1.0" encoding="UTF-8"?>
<!-- Generated by org.testng.reporters.JUnitReportReporter -->
<testsuite ignored="0" hostname="DESKTOP-07P8Q28" failures="0" tests="1" name="testscripts.ZippoAPITest" time="3.581" errors="0" timestamp="09 Aug 2021 04:54:11 GMT" skipped="0">
  <testcase classname="testscripts.ZippoAPITest" name="testZippoAPI" time="3.581"/>
</testsuite> <!-- testscripts.ZippoAPITest -->
