<?xml version="1.0" encoding="UTF-8"?>
<!-- Generated by org.testng.reporters.JUnitReportReporter -->
<testsuite ignored="0" hostname="DESKTOP-07P8Q28" failures="0" tests="2" name="testscripts.LibraryAPITestWithPOJO" time="3.282" errors="0" timestamp="26 Jun 2021 05:47:01 GMT" skipped="0">
  <testcase classname="testscripts.LibraryAPITestWithPOJO" name="testLibraryAPI" time="0.247"/>
  <testcase classname="testscripts.LibraryAPITestWithPOJO" name="testLibraryAPI" time="3.035"/>
</testsuite> <!-- testscripts.LibraryAPITestWithPOJO -->
