<?xml version="1.0" encoding="UTF-8"?>
<!-- Generated by org.testng.reporters.JUnitReportReporter -->
<testsuite hostname="DESKTOP-07P8Q28" failures="0" tests="1" name="testscripts.ValidateMockAPIResponse" time="1.502" errors="0" timestamp="2021-05-01T13:18:49 IST" skipped="0">
  <testcase classname="testscripts.ValidateMockAPIResponse" name="validateMockAPIResponse" time="1.502"/>
  <system-out/>
</testsuite> <!-- testscripts.ValidateMockAPIResponse -->
