<?xml version="1.0" encoding="UTF-8"?>
<!-- Generated by org.testng.reporters.JUnitReportReporter -->
<testsuite ignored="0" hostname="DESKTOP-07P8Q28" failures="0" tests="1" name="testscripts.OAuth2Test" time="4.310" errors="0" timestamp="25 Aug 2021 13:54:49 GMT" skipped="0">
  <testcase classname="testscripts.OAuth2Test" name="testSymfonycastsAPI" time="4.310"/>
</testsuite> <!-- testscripts.OAuth2Test -->
