<?xml version="1.0" encoding="UTF-8"?>
<!-- Generated by org.testng.reporters.JUnitReportReporter -->
<testsuite hostname="DESKTOP-07P8Q28" failures="0" tests="1" name="testscripts.GoogleMapAPITest" time="13.644" errors="0" timestamp="2021-05-01T12:59:03 IST" skipped="0">
  <testcase classname="testscripts.GoogleMapAPITest" name="testGoogleMAPAddPlaceAPI" time="13.644"/>
  <system-out/>
</testsuite> <!-- testscripts.GoogleMapAPITest -->
