<?xml version="1.0" encoding="UTF-8"?>
<!-- Generated by org.testng.reporters.JUnitReportReporter -->
<testsuite ignored="0" hostname="DESKTOP-07P8Q28" failures="0" tests="1" name="testscripts.GenderizeAPITest" time="5.815" errors="0" timestamp="29 Jul 2021 05:28:16 GMT" skipped="0">
  <testcase classname="testscripts.GenderizeAPITest" name="testGenderizeAPI" time="5.815"/>
</testsuite> <!-- testscripts.GenderizeAPITest -->
