<?xml version="1.0" encoding="UTF-8"?>
<!-- Generated by org.testng.reporters.JUnitReportReporter -->
<testsuite ignored="0" hostname="DESKTOP-07P8Q28" failures="0" tests="1" name="testscripts.Coop_CountEggs" time="4.749" errors="0" timestamp="25 Aug 2021 13:52:42 GMT" skipped="0">
  <testcase classname="testscripts.Coop_CountEggs" name="testCoopAPI_GetNumberOfEggs" time="4.749"/>
</testsuite> <!-- testscripts.Coop_CountEggs -->
