<?xml version="1.0" encoding="UTF-8"?>
<!-- Generated by org.testng.reporters.JUnitReportReporter -->
<testsuite ignored="0" hostname="DESKTOP-07P8Q28" failures="0" tests="1" name="testscripts.Coop_UnlockBarn" time="4.133" errors="0" timestamp="01 Sep 2021 15:13:31 GMT" skipped="0">
  <testcase classname="testscripts.Coop_UnlockBarn" name="testUnlockBarnAPI" time="4.133"/>
</testsuite> <!-- testscripts.Coop_UnlockBarn -->
