<?xml version="1.0" encoding="UTF-8"?>
<!-- Generated by org.testng.reporters.JUnitReportReporter -->
<testsuite hostname="DESKTOP-07P8Q28" failures="0" tests="1" name="testscripts.AddPlaceAPITestWithSerialization" time="2.906" errors="0" timestamp="2021-06-04T17:45:57 IST" skipped="0">
  <testcase classname="testscripts.AddPlaceAPITestWithSerialization" name="testAddPlace" time="2.906"/>
  <system-out/>
</testsuite> <!-- testscripts.AddPlaceAPITestWithSerialization -->
