<?xml version="1.0" encoding="UTF-8"?>
<!-- Generated by org.testng.reporters.JUnitReportReporter -->
<testsuite ignored="0" hostname="DESKTOP-07P8Q28" failures="0" tests="1" name="testscripts.DataUSA_APITest" time="3.164" errors="0" timestamp="17 Jul 2021 05:47:40 GMT" skipped="0">
  <testcase classname="testscripts.DataUSA_APITest" name="testDataUsa" time="3.164"/>
</testsuite> <!-- testscripts.DataUSA_APITest -->
