<?xml version="1.0" encoding="UTF-8"?>
<!-- Generated by org.testng.reporters.JUnitReportReporter -->
<testsuite hostname="DESKTOP-07P8Q28" failures="0" tests="1" name="testscripts.GoogleMapAPITest" time="5.175" errors="0" timestamp="2021-04-25T16:39:32 IST" skipped="0">
  <testcase classname="testscripts.GoogleMapAPITest" name="testGoogleMAPAddPlaceAPI" time="5.175"/>
  <system-out/>
</testsuite> <!-- testscripts.GoogleMapAPITest -->
