<?xml version="1.0" encoding="UTF-8"?>
<!-- Generated by org.testng.reporters.JUnitReportReporter -->
<testsuite ignored="0" hostname="DESKTOP-07P8Q28" failures="0" tests="1" name="testscripts.ReqResAPITest_withSpecBuilder" time="10.437" errors="0" timestamp="19 Jun 2021 06:43:46 GMT" skipped="0">
  <testcase classname="testscripts.ReqResAPITest_withSpecBuilder" name="testReqResAPIs" time="10.437"/>
</testsuite> <!-- testscripts.ReqResAPITest_withSpecBuilder -->
