<?xml version="1.0" encoding="UTF-8"?>
<!-- Generated by org.testng.reporters.JUnitReportReporter -->
<testsuite hostname="DESKTOP-07P8Q28" failures="0" tests="1" name="testscripts.POJOTest" time="5.741" errors="0" timestamp="2021-05-29T11:46:08 IST" skipped="0">
  <testcase classname="testscripts.POJOTest" name="testLoginAPI" time="5.741"/>
  <system-out/>
</testsuite> <!-- testscripts.POJOTest -->
