<?xml version="1.0" encoding="UTF-8"?>
<!-- Generated by org.testng.reporters.JUnitReportReporter -->
<testsuite ignored="0" hostname="DESKTOP-07P8Q28" failures="0" tests="1" name="testscripts.OAuth2Test" time="3.923" errors="0" timestamp="20 Aug 2021 04:43:54 GMT" skipped="0">
  <testcase classname="testscripts.OAuth2Test" name="testSymfonycastsAPI" time="3.923"/>
</testsuite> <!-- testscripts.OAuth2Test -->
