<?xml version="1.0" encoding="UTF-8"?>
<!-- Generated by org.testng.reporters.JUnitReportReporter -->
<testsuite ignored="0" hostname="DESKTOP-07P8Q28" failures="0" tests="1" name="testscripts.GetDelayedReqRes" time="3.630" errors="0" timestamp="03 Jul 2021 05:50:58 GMT" skipped="0">
  <testcase classname="testscripts.GetDelayedReqRes" name="testAPIGetDelayedResponse" time="3.630"/>
</testsuite> <!-- testscripts.GetDelayedReqRes -->
