<?xml version="1.0" encoding="UTF-8"?>
<!-- Generated by org.testng.reporters.JUnitReportReporter -->
<testsuite hostname="DESKTOP-07P8Q28" failures="0" tests="2" name="testscripts.LibraryAPITest" time="3.672" errors="0" timestamp="2021-05-15T10:51:18 IST" skipped="0">
  <testcase classname="testscripts.LibraryAPITest" name="testLibraryAPI" time="2.910"/>
  <system-out/>
  <testcase classname="testscripts.LibraryAPITest" name="testLibraryAPI" time="0.762"/>
  <system-out/>
</testsuite> <!-- testscripts.LibraryAPITest -->
