<?xml version="1.0" encoding="UTF-8"?>
<!-- Generated by org.testng.reporters.JUnitReportReporter -->
<testsuite ignored="0" hostname="DESKTOP-07P8Q28" failures="0" tests="1" name="testscripts.InstagramAPITest" time="6.454" errors="0" timestamp="19 Jun 2021 07:19:53 GMT" skipped="0">
  <testcase classname="testscripts.InstagramAPITest" name="testInstaAPI" time="6.454"/>
</testsuite> <!-- testscripts.InstagramAPITest -->
