<?xml version="1.0" encoding="UTF-8"?>
<!-- Generated by org.testng.reporters.JUnitReportReporter -->
<testsuite hostname="DESKTOP-07P8Q28" failures="0" tests="1" name="testscripts.ReqResAPITest_withSpecBuilder" time="4.398" errors="0" timestamp="2021-06-04T17:55:16 IST" skipped="0">
  <testcase classname="testscripts.ReqResAPITest_withSpecBuilder" name="testReqResAPIs" time="4.398"/>
  <system-out/>
</testsuite> <!-- testscripts.ReqResAPITest_withSpecBuilder -->
