<?xml version="1.0" encoding="UTF-8"?>
<!-- Generated by org.testng.reporters.JUnitReportReporter -->
<testsuite ignored="0" hostname="DESKTOP-07P8Q28" failures="0" tests="1" name="testscripts.UniversityListAPI" time="6.845" errors="0" timestamp="03 Aug 2021 05:37:34 GMT" skipped="0">
  <testcase classname="testscripts.UniversityListAPI" name="testUniversityAPI" time="6.845"/>
</testsuite> <!-- testscripts.UniversityListAPI -->
