<?xml version="1.0" encoding="UTF-8"?>
<!-- Generated by org.testng.reporters.JUnitReportReporter -->
<testsuite ignored="0" hostname="DESKTOP-07P8Q28" failures="0" tests="1" name="testscripts.CoinDeskTest" time="3.019" errors="0" timestamp="10 Jul 2021 06:57:04 GMT" skipped="0">
  <testcase classname="testscripts.CoinDeskTest" name="testCoinDeskAPI" time="3.019"/>
</testsuite> <!-- testscripts.CoinDeskTest -->
