<?xml version="1.0" encoding="UTF-8"?>
<!-- Generated by org.testng.reporters.JUnitReportReporter -->
<testsuite ignored="0" hostname="DESKTOP-07P8Q28" failures="0" tests="1" name="testscripts.ToolsQAAPITest" time="3.576" errors="0" timestamp="15 Aug 2021 13:02:57 GMT" skipped="0">
  <testcase classname="testscripts.ToolsQAAPITest" name="testToolsQAAPI" time="3.576"/>
</testsuite> <!-- testscripts.ToolsQAAPITest -->
