<?xml version="1.0" encoding="UTF-8"?>
<!-- Generated by org.testng.reporters.JUnitReportReporter -->
<testsuite hostname="DESKTOP-07P8Q28" failures="0" tests="1" name="testscripts.GitHubAPITest" time="7.374" errors="0" timestamp="2021-05-15T11:57:11 IST" skipped="0">
  <testcase classname="testscripts.GitHubAPITest" name="testGitHubAPIs" time="7.374"/>
  <system-out/>
</testsuite> <!-- testscripts.GitHubAPITest -->
