<?xml version="1.0" encoding="UTF-8"?>
<!-- Generated by org.testng.reporters.JUnitReportReporter -->
<testsuite hostname="DESKTOP-07P8Q28" failures="0" tests="1" name="testscripts.GoogleMapAPITest" time="40.923" errors="0" timestamp="2021-07-03T11:27:29 IST" skipped="0">
  <testcase classname="testscripts.GoogleMapAPITest" name="testGoogleMAPAddPlaceAPI" time="40.923"/>
  <system-out/>
</testsuite> <!-- testscripts.GoogleMapAPITest -->
