<?xml version="1.0" encoding="UTF-8"?>
<!-- Generated by org.testng.reporters.JUnitReportReporter -->
<testsuite hostname="DESKTOP-07P8Q28" failures="0" tests="1" name="testscripts.ReqResAPITest" time="8.009" errors="0" timestamp="2021-07-03T11:27:29 IST" skipped="0">
  <testcase classname="testscripts.ReqResAPITest" name="testReqResAPIs" time="8.009"/>
  <system-out/>
</testsuite> <!-- testscripts.ReqResAPITest -->
