<?xml version="1.0" encoding="UTF-8"?>
<!-- Generated by org.testng.reporters.JUnitReportReporter -->
<testsuite hostname="DESKTOP-07P8Q28" failures="0" tests="1" name="testscripts.InstagramAPITest" time="19.455" errors="0" timestamp="2021-07-03T11:27:29 IST" skipped="0">
  <testcase classname="testscripts.InstagramAPITest" name="testInstaAPI" time="19.455"/>
  <system-out/>
</testsuite> <!-- testscripts.InstagramAPITest -->
