<?xml version="1.0" encoding="UTF-8"?>
<!-- Generated by org.testng.reporters.JUnitReportReporter -->
<testsuite hostname="DESKTOP-07P8Q28" failures="0" tests="1" name="testscripts.POJOTest" time="7.120" errors="0" timestamp="2021-07-03T11:27:29 IST" skipped="0">
  <testcase classname="testscripts.POJOTest" name="testLoginAPI" time="7.120"/>
  <system-out/>
</testsuite> <!-- testscripts.POJOTest -->
